生成启动时间为 1/6/2015 11:44:10 PM。
     1>项目“F:\github\shiyan_github_01\shiyan_github_01\shiyan_github_01.vcxproj”在节点 2 上(build 个目标)。
     1>InitializeBuildStatus:
         正在对“Debug\shiyan_github_01.unsuccessfulbuild”执行 Touch 任务。
       ClCompile:
         e:\visual 2010\load\VC\bin\CL.exe /c /ZI /nologo /W3 /WX- /Od /Oy- /D WIN32 /D _DEBUG /D _CONSOLE /D _UNICODE /D UNICODE /Gm /EHsc /RTC1 /MDd /GS /fp:precise /Zc:wchar_t /Zc:forScope /Yc"StdAfx.h" /Fp"Debug\shiyan_github_01.pch" /Fo"Debug\\" /Fd"Debug\vc100.pdb" /Gd /TP /analyze- /errorReport:prompt stdafx.cpp
         stdafx.cpp
         e:\visual 2010\load\VC\bin\CL.exe /c /ZI /nologo /W3 /WX- /Od /Oy- /D WIN32 /D _DEBUG /D _CONSOLE /D _UNICODE /D UNICODE /Gm /EHsc /RTC1 /MDd /GS /fp:precise /Zc:wchar_t /Zc:forScope /Yu"StdAfx.h" /Fp"Debug\shiyan_github_01.pch" /Fo"Debug\\" /Fd"Debug\vc100.pdb" /Gd /TP /analyze- /errorReport:prompt shiyan_github_01.cpp
         shiyan_github_01.cpp
       Link:
         e:\visual 2010\load\VC\bin\link.exe /ERRORREPORT:PROMPT /OUT:"F:\github\shiyan_github_01\Debug\shiyan_github_01.exe" /INCREMENTAL /NOLOGO kernel32.lib user32.lib gdi32.lib winspool.lib comdlg32.lib advapi32.lib shell32.lib ole32.lib oleaut32.lib uuid.lib odbc32.lib odbccp32.lib /MANIFEST /ManifestFile:"Debug\shiyan_github_01.exe.intermediate.manifest" /MANIFESTUAC:"level='asInvoker' uiAccess='false'" /DEBUG /PDB:"F:\github\shiyan_github_01\Debug\shiyan_github_01.pdb" /SUBSYSTEM:CONSOLE /TLBID:1 /DYNAMICBASE /NXCOMPAT /IMPLIB:"F:\github\shiyan_github_01\Debug\shiyan_github_01.lib" /MACHINE:X86 Debug\shiyan_github_01.obj
         Debug\stdafx.obj
         shiyan_github_01.vcxproj -> F:\github\shiyan_github_01\Debug\shiyan_github_01.exe
       Manifest:
         C:\Program Files\Microsoft SDKs\Windows\v7.0A\bin\mt.exe /nologo /verbose /out:"F:\github\shiyan_github_01\Debug\shiyan_github_01.exe.manifest" /manifest Debug\shiyan_github_01.exe.intermediate.manifest
       FinalizeBuildStatus:
         正在删除文件“Debug\shiyan_github_01.unsuccessfulbuild”。
         正在对“Debug\shiyan_github_01.lastbuildstate”执行 Touch 任务。
     1>已完成生成项目“F:\github\shiyan_github_01\shiyan_github_01\shiyan_github_01.vcxproj”(build 个目标)的操作。

生成成功。

已用时间 00:00:02.03
